#
# There is insufficient memory for the Java Runtime Environment to continue.
# Native memory allocation (malloc) failed to allocate 237904 bytes for Chunk::new
# Possible reasons:
#   The system is out of physical RAM or swap space
#   The process is running with CompressedOops enabled, and the Java Heap may be blocking the growth of the native heap
# Possible solutions:
#   Reduce memory load on the system
#   Increase physical memory or swap space
#   Check if swap backing store is full
#   Decrease Java heap size (-Xmx/-Xms)
#   Decrease number of Java threads
#   Decrease Java thread stack sizes (-Xss)
#   Set larger code cache with -XX:ReservedCodeCacheSize=
#   JVM is running with Unscaled Compressed Oops mode in which the Java heap is
#     placed in the first 4GB address space. The Java Heap base address is the
#     maximum limit for the native heap growth. Please use -XX:HeapBaseMinAddress
#     to set the Java Heap base and to place the Java Heap above 4GB virtual address.
# This output file may be truncated or incomplete.
#
#  Out of Memory Error (arena.cpp:189), pid=60252, tid=66652
#
# JRE version: OpenJDK Runtime Environment Temurin-17.0.8.1+1 (17.0.8.1+1) (build 17.0.8.1+1)
# Java VM: OpenJDK 64-Bit Server VM Temurin-17.0.8.1+1 (17.0.8.1+1, mixed mode, tiered, compressed oops, compressed class ptrs, g1 gc, windows-amd64)
# No core dump will be written. Minidumps are not enabled by default on client versions of Windows
#

---------------  S U M M A R Y ------------

Command Line: -ea -Dfile.encoding=UTF-8 -XX:+ShowCodeDetailsInExceptionMessages org.testng.remote.RemoteTestNG -serport 58737 -protocol json -d C:\Users\W2191\eclipse-workspace\Getapcs_Keus1\test-output C:\Users\W2191\AppData\Local\Temp\testng-eclipse--686239189\testng-customsuite.xml

Host: Intel(R) Core(TM) i5-6300U CPU @ 2.40GHz, 4 cores, 7G,  Windows 10 , 64 bit Build 18362 (10.0.18362.1)
Time: Thu Nov 16 12:04:15 2023 India Standard Time elapsed time: 13.730003 seconds (0d 0h 0m 13s)

---------------  T H R E A D  ---------------

Current thread (0x000002e14f0496b0):  JavaThread "C2 CompilerThread0" daemon [_thread_in_native, id=66652, stack(0x000000e8fd500000,0x000000e8fd600000)]


Current CompileTask:
C2:  13730 2934       4       java.net.URLStreamHandler::parseURL (1201 bytes)

Stack: [0x000000e8fd500000,0x000000e8fd600000]
Native frames: (J=compiled Java code, j=interpreted, Vv=VM code, C=native code)
V  [jvm.dll+0x678b0a]
V  [jvm.dll+0x835e84]
V  [jvm.dll+0x83762e]
V  [jvm.dll+0x837c93]
V  [jvm.dll+0x24746f]
V  [jvm.dll+0xac20c]
V  [jvm.dll+0xac7dc]
V  [jvm.dll+0x11ed67]
V  [jvm.dll+0x60b115]
V  [jvm.dll+0x6097e4]
V  [jvm.dll+0x219a68]
V  [jvm.dll+0x219011]
V  [jvm.dll+0x1a534d]
V  [jvm.dll+0x228d8a]
V  [jvm.dll+0x226dcc]
V  [jvm.dll+0x7ec09b]
V  [jvm.dll+0x7e64ca]
V  [jvm.dll+0x677955]
C  [ucrtbase.dll+0x1d912]
C  [KERNEL32.DLL+0x17944]
C  [ntdll.dll+0x6ce71]


---------------  P R O C E S S  ---------------

Threads class SMR info:
_java_thread_list=0x000002e14fa12980, length=44, elements={
0x000002e12f89bd10, 0x000002e14aca53d0, 0x000002e14ac873f0, 0x000002e14f012960,
0x000002e14aca6350, 0x000002e14f03d000, 0x000002e14f03d8d0, 0x000002e14f0496b0,
0x000002e14f04bfd0, 0x000002e14f0550b0, 0x000002e14f2f3910, 0x000002e14f30a410,
0x000002e14f64b010, 0x000002e150302b40, 0x000002e14fe3f030, 0x000002e14fe3f510,
0x000002e1501d1aa0, 0x000002e1501d24c0, 0x000002e1501d1fb0, 0x000002e1501d1080,
0x000002e1501d1590, 0x000002e150659660, 0x000002e15065a080, 0x000002e15065ce10,
0x000002e15065d320, 0x000002e15065bee0, 0x000002e15065d830, 0x000002e1506563c0,
0x000002e150657800, 0x000002e15065afb0, 0x000002e150658c40, 0x000002e15065c3f0,
0x000002e15065c900, 0x000002e15065b9d0, 0x000002e150658220, 0x000002e150659150,
0x000002e15065a590, 0x000002e150658730, 0x000002e1506572f0, 0x000002e15065aaa0,
0x000002e150656de0, 0x000002e15065b4c0, 0x000002e150659b70, 0x000002e14fa142d0
}

Java Threads: ( => current thread )
  0x000002e12f89bd10 JavaThread "main" [_thread_in_vm, id=73888, stack(0x000000e8fc800000,0x000000e8fc900000)]
  0x000002e14aca53d0 JavaThread "Reference Handler" daemon [_thread_blocked, id=56800, stack(0x000000e8fcf00000,0x000000e8fd000000)]
  0x000002e14ac873f0 JavaThread "Finalizer" daemon [_thread_blocked, id=70516, stack(0x000000e8fd000000,0x000000e8fd100000)]
  0x000002e14f012960 JavaThread "Signal Dispatcher" daemon [_thread_blocked, id=67052, stack(0x000000e8fd100000,0x000000e8fd200000)]
  0x000002e14aca6350 JavaThread "Attach Listener" daemon [_thread_blocked, id=62188, stack(0x000000e8fd200000,0x000000e8fd300000)]
  0x000002e14f03d000 JavaThread "Service Thread" daemon [_thread_blocked, id=66080, stack(0x000000e8fd300000,0x000000e8fd400000)]
  0x000002e14f03d8d0 JavaThread "Monitor Deflation Thread" daemon [_thread_blocked, id=72140, stack(0x000000e8fd400000,0x000000e8fd500000)]
=>0x000002e14f0496b0 JavaThread "C2 CompilerThread0" daemon [_thread_in_native, id=66652, stack(0x000000e8fd500000,0x000000e8fd600000)]
  0x000002e14f04bfd0 JavaThread "C1 CompilerThread0" daemon [_thread_blocked, id=73044, stack(0x000000e8fd600000,0x000000e8fd700000)]
  0x000002e14f0550b0 JavaThread "Sweeper thread" daemon [_thread_blocked, id=58100, stack(0x000000e8fd700000,0x000000e8fd800000)]
  0x000002e14f2f3910 JavaThread "Notification Thread" daemon [_thread_blocked, id=70440, stack(0x000000e8fd800000,0x000000e8fd900000)]
  0x000002e14f30a410 JavaThread "Common-Cleaner" daemon [_thread_blocked, id=68744, stack(0x000000e8fda00000,0x000000e8fdb00000)]
  0x000002e14f64b010 JavaThread "ReaderThread" [_thread_in_native, id=61116, stack(0x000000e8fe000000,0x000000e8fe100000)]
  0x000002e150302b40 JavaThread "ForkJoinPool.commonPool-worker-1" daemon [_thread_blocked, id=67396, stack(0x000000e8fdb00000,0x000000e8fdc00000)]
  0x000002e14fe3f030 JavaThread "HttpClient-1-SelectorManager" daemon [_thread_in_native, id=49976, stack(0x000000e8fe200000,0x000000e8fe300000)]
  0x000002e14fe3f510 JavaThread "Thread-2" [_thread_in_native, id=65748, stack(0x000000e8fe100000,0x000000e8fe200000)]
  0x000002e1501d1aa0 JavaThread "Driver Service Executor" daemon [_thread_blocked, id=58076, stack(0x000000e8fe300000,0x000000e8fe400000)]
  0x000002e1501d24c0 JavaThread "Driver Service Executor" daemon [_thread_in_native, id=65232, stack(0x000000e8fe400000,0x000000e8fe500000)]
  0x000002e1501d1fb0 JavaThread "UrlChecker-2" daemon [_thread_blocked, id=57392, stack(0x000000e8fe500000,0x000000e8fe600000)]
  0x000002e1501d1080 JavaThread "pool-1-thread-1" [_thread_blocked, id=66600, stack(0x000000e8fe700000,0x000000e8fe800000)]
  0x000002e1501d1590 JavaThread "pool-1-thread-2" [_thread_blocked, id=21104, stack(0x000000e8fe900000,0x000000e8fea00000)]
  0x000002e150659660 JavaThread "pool-1-thread-3" [_thread_blocked, id=71164, stack(0x000000e8fea00000,0x000000e8feb00000)]
  0x000002e15065a080 JavaThread "HttpClient-2-SelectorManager" daemon [_thread_in_native, id=63968, stack(0x000000e8fe800000,0x000000e8fe900000)]
  0x000002e15065ce10 JavaThread "pool-2-thread-1" [_thread_blocked, id=71784, stack(0x000000e8feb00000,0x000000e8fec00000)]
  0x000002e15065d320 JavaThread "pool-2-thread-2" [_thread_blocked, id=49012, stack(0x000000e8fec00000,0x000000e8fed00000)]
  0x000002e15065bee0 JavaThread "pool-2-thread-3" [_thread_blocked, id=62728, stack(0x000000e8fed00000,0x000000e8fee00000)]
  0x000002e15065d830 JavaThread "CDP Connection" daemon [_thread_blocked, id=74084, stack(0x000000e8fee00000,0x000000e8fef00000)]
  0x000002e1506563c0 JavaThread "CDP Connection" daemon [_thread_blocked, id=74512, stack(0x000000e8ff000000,0x000000e8ff100000)]
  0x000002e150657800 JavaThread "CDP Connection" daemon [_thread_blocked, id=71320, stack(0x000000e8ff400000,0x000000e8ff500000)]
  0x000002e15065afb0 JavaThread "CDP Connection" daemon [_thread_blocked, id=74096, stack(0x000000e8ff500000,0x000000e8ff600000)]
  0x000002e150658c40 JavaThread "CDP Connection" daemon [_thread_blocked, id=57440, stack(0x000000e8ff700000,0x000000e8ff800000)]
  0x000002e15065c3f0 JavaThread "CDP Connection" daemon [_thread_blocked, id=73452, stack(0x000000e8ff800000,0x000000e8ff900000)]
  0x000002e15065c900 JavaThread "CDP Connection" daemon [_thread_blocked, id=68016, stack(0x000000e8ff900000,0x000000e8ffa00000)]
  0x000002e15065b9d0 JavaThread "CDP Connection" daemon [_thread_blocked, id=62756, stack(0x000000e8ffd00000,0x000000e8ffe00000)]
  0x000002e150658220 JavaThread "CDP Connection" daemon [_thread_blocked, id=63308, stack(0x000000e8fff00000,0x000000e900000000)]
  0x000002e150659150 JavaThread "CDP Connection" daemon [_thread_blocked, id=59400, stack(0x000000e8fe600000,0x000000e8fe700000)]
  0x000002e15065a590 JavaThread "CDP Connection" daemon [_thread_blocked, id=45320, stack(0x000000e8ffa00000,0x000000e8ffb00000)]
  0x000002e150658730 JavaThread "CDP Connection" daemon [_thread_blocked, id=43824, stack(0x000000e8ffb00000,0x000000e8ffc00000)]
  0x000002e1506572f0 JavaThread "CDP Connection" daemon [_thread_blocked, id=68600, stack(0x000000e8ff600000,0x000000e8ff700000)]
  0x000002e15065aaa0 JavaThread "CDP Connection" daemon [_thread_blocked, id=70600, stack(0x000000e8ffe00000,0x000000e8fff00000)]
  0x000002e150656de0 JavaThread "CDP Connection" daemon [_thread_blocked, id=58580, stack(0x000000e8fef00000,0x000000e8ff000000)]
  0x000002e15065b4c0 JavaThread "CDP Connection" daemon [_thread_blocked, id=45796, stack(0x000000e8ff200000,0x000000e8ff300000)]
  0x000002e150659b70 JavaThread "CDP Connection" daemon [_thread_blocked, id=51948, stack(0x000000e8ff300000,0x000000e8ff400000)]
  0x000002e14fa142d0 JavaThread "C2 CompilerThread1" daemon [_thread_blocked, id=72312, stack(0x000000e8ff100000,0x000000e8ff200000)]

Other Threads:
  0x000002e14ac47930 VMThread "VM Thread" [stack: 0x000000e8fce00000,0x000000e8fcf00000] [id=46152]
  0x000002e14f2f3df0 WatcherThread [stack: 0x000000e8fd900000,0x000000e8fda00000] [id=71236]
  0x000002e12f8f5f60 GCTaskThread "GC Thread#0" [stack: 0x000000e8fc900000,0x000000e8fca00000] [id=57148]
  0x000002e1500e9a60 GCTaskThread "GC Thread#1" [stack: 0x000000e8fdc00000,0x000000e8fdd00000] [id=51660]
  0x000002e14fad98b0 GCTaskThread "GC Thread#2" [stack: 0x000000e8fdd00000,0x000000e8fde00000] [id=19304]
  0x000002e14fa62520 GCTaskThread "GC Thread#3" [stack: 0x000000e8fde00000,0x000000e8fdf00000] [id=48584]
  0x000002e12f906b50 ConcurrentGCThread "G1 Main Marker" [stack: 0x000000e8fca00000,0x000000e8fcb00000] [id=57216]
  0x000002e12f907560 ConcurrentGCThread "G1 Conc#0" [stack: 0x000000e8fcb00000,0x000000e8fcc00000] [id=70052]
  0x000002e14aae24c0 ConcurrentGCThread "G1 Refine#0" [stack: 0x000000e8fcc00000,0x000000e8fcd00000] [id=60424]
  0x000002e12f93c430 ConcurrentGCThread "G1 Service" [stack: 0x000000e8fcd00000,0x000000e8fce00000] [id=63936]

Threads with active compile tasks:
C2 CompilerThread0    13786 2934       4       java.net.URLStreamHandler::parseURL (1201 bytes)

VM state: not at safepoint (normal execution)

VM Mutex/Monitor currently owned by a thread: None

Heap address: 0x0000000085800000, size: 1960 MB, Compressed Oops mode: 32-bit

CDS archive(s) not mapped
Compressed class space mapped at: 0x0000000100000000-0x0000000140000000, reserved size: 1073741824
Narrow klass base: 0x0000000000000000, Narrow klass shift: 3, Narrow klass range: 0x140000000

GC Precious Log:
 CPUs: 4 total, 4 available
 Memory: 7834M
 Large Page Support: Disabled
 NUMA Support: Disabled
 Compressed Oops: Enabled (32-bit)
 Heap Region Size: 1M
 Heap Min Capacity: 8M
 Heap Initial Capacity: 124M
 Heap Max Capacity: 1960M
 Pre-touch: Disabled
 Parallel Workers: 4
 Concurrent Workers: 1
 Concurrent Refinement Workers: 4
 Periodic GC: Disabled

Heap:
 garbage-first heap   total 75776K, used 33916K [0x0000000085800000, 0x0000000100000000)
  region size 1024K, 13 young (13312K), 1 survivors (1024K)
 Metaspace       used 28218K, committed 28608K, reserved 1114112K
  class space    used 3131K, committed 3328K, reserved 1048576K

Heap Regions: E=young(eden), S=young(survivor), O=old, HS=humongous(starts), HC=humongous(continues), CS=collection set, F=free, OA=open archive, CA=closed archive, TAMS=top-at-mark-start (previous, next)
|   0|0x0000000085800000, 0x0000000085900000, 0x0000000085900000|100%|HS|  |TAMS 0x0000000085900000, 0x0000000085800000| Complete 
|   1|0x0000000085900000, 0x0000000085a00000, 0x0000000085a00000|100%|HS|  |TAMS 0x0000000085a00000, 0x0000000085900000| Complete 
|   2|0x0000000085a00000, 0x0000000085b00000, 0x0000000085b00000|100%|HC|  |TAMS 0x0000000085b00000, 0x0000000085a00000| Complete 
|   3|0x0000000085b00000, 0x0000000085c00000, 0x0000000085c00000|100%|HC|  |TAMS 0x0000000085c00000, 0x0000000085b00000| Complete 
|   4|0x0000000085c00000, 0x0000000085d00000, 0x0000000085d00000|100%|HS|  |TAMS 0x0000000085d00000, 0x0000000085c00000| Complete 
|   5|0x0000000085d00000, 0x0000000085e00000, 0x0000000085e00000|100%|HC|  |TAMS 0x0000000085e00000, 0x0000000085d00000| Complete 
|   6|0x0000000085e00000, 0x0000000085f00000, 0x0000000085f00000|100%|HC|  |TAMS 0x0000000085f00000, 0x0000000085e00000| Complete 
|   7|0x0000000085f00000, 0x0000000086000000, 0x0000000086000000|100%|HS|  |TAMS 0x0000000086000000, 0x0000000085f00000| Complete 
|   8|0x0000000086000000, 0x0000000086100000, 0x0000000086100000|100%|HC|  |TAMS 0x0000000086100000, 0x0000000086000000| Complete 
|   9|0x0000000086100000, 0x0000000086200000, 0x0000000086200000|100%|HC|  |TAMS 0x0000000086200000, 0x0000000086100000| Complete 
|  10|0x0000000086200000, 0x0000000086300000, 0x0000000086300000|100%| O|  |TAMS 0x0000000086300000, 0x0000000086200000| Untracked 
|  11|0x0000000086300000, 0x0000000086400000, 0x0000000086400000|100%| O|  |TAMS 0x0000000086400000, 0x0000000086300000| Untracked 
|  12|0x0000000086400000, 0x0000000086500000, 0x0000000086500000|100%| O|  |TAMS 0x0000000086500000, 0x0000000086400000| Untracked 
|  13|0x0000000086500000, 0x0000000086600000, 0x0000000086600000|100%| O|  |TAMS 0x0000000086600000, 0x0000000086500000| Untracked 
|  14|0x0000000086600000, 0x0000000086700000, 0x0000000086700000|100%| O|  |TAMS 0x0000000086700000, 0x0000000086600000| Untracked 
|  15|0x0000000086700000, 0x0000000086800000, 0x0000000086800000|100%| O|  |TAMS 0x0000000086800000, 0x0000000086700000| Untracked 
|  16|0x0000000086800000, 0x0000000086800000, 0x0000000086900000|  0%| F|  |TAMS 0x0000000086800000, 0x0000000086800000| Untracked 
|  17|0x0000000086900000, 0x0000000086a00000, 0x0000000086a00000|100%| O|  |TAMS 0x0000000086900000, 0x0000000086900000| Untracked 
|  18|0x0000000086a00000, 0x0000000086b00000, 0x0000000086b00000|100%| O|  |TAMS 0x0000000086a00000, 0x0000000086a00000| Untracked 
|  19|0x0000000086b00000, 0x0000000086c00000, 0x0000000086c00000|100%| O|  |TAMS 0x0000000086b00000, 0x0000000086b00000| Untracked 
|  20|0x0000000086c00000, 0x0000000086d00000, 0x0000000086d00000|100%| O|  |TAMS 0x0000000086c00000, 0x0000000086c00000| Untracked 
|  21|0x0000000086d00000, 0x0000000086e00000, 0x0000000086e00000|100%| O|  |TAMS 0x0000000086d00000, 0x0000000086d00000| Untracked 
|  22|0x0000000086e00000, 0x0000000086ed4400, 0x0000000086f00000| 82%| O|  |TAMS 0x0000000086e00000, 0x0000000086e00000| Untracked 
|  23|0x0000000086f00000, 0x0000000086f00000, 0x0000000087000000|  0%| F|  |TAMS 0x0000000086f00000, 0x0000000086f00000| Untracked 
|  24|0x0000000087000000, 0x0000000087000000, 0x0000000087100000|  0%| F|  |TAMS 0x0000000087000000, 0x0000000087000000| Untracked 
|  25|0x0000000087100000, 0x0000000087100000, 0x0000000087200000|  0%| F|  |TAMS 0x0000000087100000, 0x0000000087100000| Untracked 
|  26|0x0000000087200000, 0x0000000087200000, 0x0000000087300000|  0%| F|  |TAMS 0x0000000087200000, 0x0000000087200000| Untracked 
|  27|0x0000000087300000, 0x0000000087300000, 0x0000000087400000|  0%| F|  |TAMS 0x0000000087300000, 0x0000000087300000| Untracked 
|  28|0x0000000087400000, 0x0000000087400000, 0x0000000087500000|  0%| F|  |TAMS 0x0000000087400000, 0x0000000087400000| Untracked 
|  29|0x0000000087500000, 0x0000000087500000, 0x0000000087600000|  0%| F|  |TAMS 0x0000000087500000, 0x0000000087500000| Untracked 
|  30|0x0000000087600000, 0x0000000087600000, 0x0000000087700000|  0%| F|  |TAMS 0x0000000087600000, 0x0000000087600000| Untracked 
|  31|0x0000000087700000, 0x0000000087700000, 0x0000000087800000|  0%| F|  |TAMS 0x0000000087700000, 0x0000000087700000| Untracked 
|  32|0x0000000087800000, 0x0000000087800000, 0x0000000087900000|  0%| F|  |TAMS 0x0000000087800000, 0x0000000087800000| Untracked 
|  33|0x0000000087900000, 0x0000000087900000, 0x0000000087a00000|  0%| F|  |TAMS 0x0000000087900000, 0x0000000087900000| Untracked 
|  34|0x0000000087a00000, 0x0000000087a00000, 0x0000000087b00000|  0%| F|  |TAMS 0x0000000087a00000, 0x0000000087a00000| Untracked 
|  35|0x0000000087b00000, 0x0000000087b00000, 0x0000000087c00000|  0%| F|  |TAMS 0x0000000087b00000, 0x0000000087b00000| Untracked 
|  36|0x0000000087c00000, 0x0000000087c00000, 0x0000000087d00000|  0%| F|  |TAMS 0x0000000087c00000, 0x0000000087c00000| Untracked 
|  37|0x0000000087d00000, 0x0000000087d00000, 0x0000000087e00000|  0%| F|  |TAMS 0x0000000087d00000, 0x0000000087d00000| Untracked 
|  38|0x0000000087e00000, 0x0000000087e00000, 0x0000000087f00000|  0%| F|  |TAMS 0x0000000087e00000, 0x0000000087e00000| Untracked 
|  39|0x0000000087f00000, 0x0000000087f00000, 0x0000000088000000|  0%| F|  |TAMS 0x0000000087f00000, 0x0000000087f00000| Untracked 
|  40|0x0000000088000000, 0x0000000088000000, 0x0000000088100000|  0%| F|  |TAMS 0x0000000088000000, 0x0000000088000000| Untracked 
|  41|0x0000000088100000, 0x0000000088100000, 0x0000000088200000|  0%| F|  |TAMS 0x0000000088100000, 0x0000000088100000| Untracked 
|  42|0x0000000088200000, 0x0000000088200000, 0x0000000088300000|  0%| F|  |TAMS 0x0000000088200000, 0x0000000088200000| Untracked 
|  43|0x0000000088300000, 0x0000000088300000, 0x0000000088400000|  0%| F|  |TAMS 0x0000000088300000, 0x0000000088300000| Untracked 
|  44|0x0000000088400000, 0x0000000088400000, 0x0000000088500000|  0%| F|  |TAMS 0x0000000088400000, 0x0000000088400000| Untracked 
|  45|0x0000000088500000, 0x0000000088500000, 0x0000000088600000|  0%| F|  |TAMS 0x0000000088500000, 0x0000000088500000| Untracked 
|  46|0x0000000088600000, 0x0000000088600000, 0x0000000088700000|  0%| F|  |TAMS 0x0000000088600000, 0x0000000088600000| Untracked 
|  47|0x0000000088700000, 0x0000000088700000, 0x0000000088800000|  0%| F|  |TAMS 0x0000000088700000, 0x0000000088700000| Untracked 
|  48|0x0000000088800000, 0x0000000088800000, 0x0000000088900000|  0%| F|  |TAMS 0x0000000088800000, 0x0000000088800000| Untracked 
|  49|0x0000000088900000, 0x0000000088900000, 0x0000000088a00000|  0%| F|  |TAMS 0x0000000088900000, 0x0000000088900000| Untracked 
|  50|0x0000000088a00000, 0x0000000088a00000, 0x0000000088b00000|  0%| F|  |TAMS 0x0000000088a00000, 0x0000000088a00000| Untracked 
|  51|0x0000000088b00000, 0x0000000088b00000, 0x0000000088c00000|  0%| F|  |TAMS 0x0000000088b00000, 0x0000000088b00000| Untracked 
|  52|0x0000000088c00000, 0x0000000088c00000, 0x0000000088d00000|  0%| F|  |TAMS 0x0000000088c00000, 0x0000000088c00000| Untracked 
|  53|0x0000000088d00000, 0x0000000088d00000, 0x0000000088e00000|  0%| F|  |TAMS 0x0000000088d00000, 0x0000000088d00000| Untracked 
|  54|0x0000000088e00000, 0x0000000088e00000, 0x0000000088f00000|  0%| F|  |TAMS 0x0000000088e00000, 0x0000000088e00000| Untracked 
|  55|0x0000000088f00000, 0x0000000088f00000, 0x0000000089000000|  0%| F|  |TAMS 0x0000000088f00000, 0x0000000088f00000| Untracked 
|  56|0x0000000089000000, 0x0000000089000000, 0x0000000089100000|  0%| F|  |TAMS 0x0000000089000000, 0x0000000089000000| Untracked 
|  57|0x0000000089100000, 0x0000000089100000, 0x0000000089200000|  0%| F|  |TAMS 0x0000000089100000, 0x0000000089100000| Untracked 
|  58|0x0000000089200000, 0x0000000089200000, 0x0000000089300000|  0%| F|  |TAMS 0x0000000089200000, 0x0000000089200000| Untracked 
|  59|0x0000000089300000, 0x0000000089300000, 0x0000000089400000|  0%| F|  |TAMS 0x0000000089300000, 0x0000000089300000| Untracked 
|  60|0x0000000089400000, 0x0000000089400000, 0x0000000089500000|  0%| F|  |TAMS 0x0000000089400000, 0x0000000089400000| Untracked 
|  61|0x0000000089500000, 0x00000000895d4c70, 0x0000000089600000| 83%| E|  |TAMS 0x0000000089500000, 0x0000000089500000| Complete 
|  62|0x0000000089600000, 0x0000000089700000, 0x0000000089700000|100%| E|CS|TAMS 0x0000000089600000, 0x0000000089600000| Complete 
|  63|0x0000000089700000, 0x0000000089800000, 0x0000000089800000|100%| E|CS|TAMS 0x0000000089700000, 0x0000000089700000| Complete 
|  64|0x0000000089800000, 0x0000000089900000, 0x0000000089900000|100%| E|CS|TAMS 0x0000000089800000, 0x0000000089800000| Complete 
|  65|0x0000000089900000, 0x0000000089a00000, 0x0000000089a00000|100%| E|CS|TAMS 0x0000000089900000, 0x0000000089900000| Complete 
|  66|0x0000000089a00000, 0x0000000089b00000, 0x0000000089b00000|100%| E|CS|TAMS 0x0000000089a00000, 0x0000000089a00000| Complete 
|  67|0x0000000089b00000, 0x0000000089c00000, 0x0000000089c00000|100%| E|CS|TAMS 0x0000000089b00000, 0x0000000089b00000| Complete 
|  68|0x0000000089c00000, 0x0000000089d00000, 0x0000000089d00000|100%| E|CS|TAMS 0x0000000089c00000, 0x0000000089c00000| Complete 
|  98|0x000000008ba00000, 0x000000008bb00000, 0x000000008bb00000|100%| E|CS|TAMS 0x000000008ba00000, 0x000000008ba00000| Complete 
|  99|0x000000008bb00000, 0x000000008bc00000, 0x000000008bc00000|100%| E|CS|TAMS 0x000000008bb00000, 0x000000008bb00000| Complete 
| 100|0x000000008bc00000, 0x000000008bd00000, 0x000000008bd00000|100%| E|CS|TAMS 0x000000008bc00000, 0x000000008bc00000| Complete 
| 101|0x000000008bd00000, 0x000000008bd4aeb0, 0x000000008be00000| 29%| S|CS|TAMS 0x000000008bd00000, 0x000000008bd00000| Complete 
| 123|0x000000008d300000, 0x000000008d400000, 0x000000008d400000|100%| E|CS|TAMS 0x000000008d300000, 0x000000008d300000| Complete 

Card table byte_map: [0x000002e144120000,0x000002e144500000] _byte_map_base: 0x000002e143cf4000

Marking Bits (Prev, Next): (CMBitMap*) 0x000002e12f8f65c0, (CMBitMap*) 0x000002e12f8f6580
 Prev Bits: [0x000002e146780000, 0x000002e148620000)
 Next Bits: [0x000002e1448e0000, 0x000002e146780000)

Polling page: 0x000002e12f940000

Metaspace:

Usage:
  Non-class:     24.50 MB used.
      Class:      3.06 MB used.
       Both:     27.56 MB used.

Virtual space:
  Non-class space:       64.00 MB reserved,      24.69 MB ( 39%) committed,  1 nodes.
      Class space:        1.00 GB reserved,       3.25 MB ( <1%) committed,  1 nodes.
             Both:        1.06 GB reserved,      27.94 MB (  3%) committed. 

Chunk freelists:
   Non-Class:  6.54 MB
       Class:  12.67 MB
        Both:  19.21 MB

MaxMetaspaceSize: unlimited
CompressedClassSpaceSize: 1.00 GB
Initial GC threshold: 21.00 MB
Current GC threshold: 35.44 MB
CDS: off
MetaspaceReclaimPolicy: balanced
 - commit_granule_bytes: 65536.
 - commit_granule_words: 8192.
 - virtual_space_node_default_size: 8388608.
 - enlarge_chunks_in_place: 1.
 - new_chunks_are_fully_committed: 0.
 - uncommit_free_chunks: 1.
 - use_allocation_guard: 0.
 - handle_deallocations: 1.


Internal statistics:

num_allocs_failed_limit: 3.
num_arena_births: 384.
num_arena_deaths: 0.
num_vsnodes_births: 2.
num_vsnodes_deaths: 0.
num_space_committed: 447.
num_space_uncommitted: 0.
num_chunks_returned_to_freelist: 3.
num_chunks_taken_from_freelist: 931.
num_chunk_merges: 0.
num_chunk_splits: 568.
num_chunks_enlarged: 363.
num_inconsistent_stats: 0.

CodeHeap 'non-profiled nmethods': size=120000Kb used=1206Kb max_used=1206Kb free=118793Kb
 bounds [0x000002e13c1f0000, 0x000002e13c460000, 0x000002e143720000]
CodeHeap 'profiled nmethods': size=120000Kb used=6170Kb max_used=6170Kb free=113829Kb
 bounds [0x000002e134720000, 0x000002e134d30000, 0x000002e13bc50000]
CodeHeap 'non-nmethods': size=5760Kb used=1248Kb max_used=1310Kb free=4511Kb
 bounds [0x000002e13bc50000, 0x000002e13bec0000, 0x000002e13c1f0000]
 total_blobs=3550 nmethods=2995 adapters=467
 compilation: enabled
              stopped_count=0, restarted_count=0
 full_count=0

Compilation events (20 events):
Event: 13.664 Thread 0x000002e14f04bfd0 nmethod 2967 0x000002e134d1c190 code [0x000002e134d1c320, 0x000002e134d1c4d8]
Event: 13.665 Thread 0x000002e14f04bfd0 2968       3       jdk.internal.reflect.AccessorGenerator::sub (5 bytes)
Event: 13.665 Thread 0x000002e14f04bfd0 nmethod 2968 0x000002e134d1c590 code [0x000002e134d1c720, 0x000002e134d1c818]
Event: 13.665 Thread 0x000002e14f04bfd0 2969       3       jdk.internal.reflect.ClassFileAssembler::emitConstantPoolNameAndType (28 bytes)
Event: 13.665 Thread 0x000002e14f04bfd0 nmethod 2969 0x000002e134d1c890 code [0x000002e134d1cac0, 0x000002e134d1d148]
Event: 13.667 Thread 0x000002e14f04bfd0 2970       3       jdk.internal.reflect.Reflection::verifyModuleAccess (24 bytes)
Event: 13.668 Thread 0x000002e14f04bfd0 nmethod 2970 0x000002e134d1d510 code [0x000002e134d1d720, 0x000002e134d1dc58]
Event: 13.669 Thread 0x000002e14f04bfd0 2971       3       java.lang.reflect.AccessibleObject::setAccessible0 (7 bytes)
Event: 13.669 Thread 0x000002e14f04bfd0 nmethod 2971 0x000002e134d1de90 code [0x000002e134d1e020, 0x000002e134d1e138]
Event: 13.672 Thread 0x000002e14f04bfd0 2972       3       java.util.AbstractList$Itr::hasNext (20 bytes)
Event: 13.672 Thread 0x000002e14f04bfd0 nmethod 2972 0x000002e134d1e210 code [0x000002e134d1e3c0, 0x000002e134d1e5e8]
Event: 13.675 Thread 0x000002e14f04bfd0 2973       3       jdk.internal.loader.AbstractClassLoaderValue::map (20 bytes)
Event: 13.675 Thread 0x000002e14f04bfd0 nmethod 2973 0x000002e134d1e690 code [0x000002e134d1e840, 0x000002e134d1eb08]
Event: 13.676 Thread 0x000002e14f04bfd0 2975       3       java.lang.reflect.ReflectAccess::getRoot (5 bytes)
Event: 13.677 Thread 0x000002e14f04bfd0 nmethod 2975 0x000002e134d1ec10 code [0x000002e134d1edc0, 0x000002e134d1ef88]
Event: 13.677 Thread 0x000002e14fa142d0 2974       4       java.util.Arrays$ArrayList::size (6 bytes)
Event: 13.678 Thread 0x000002e14fa142d0 nmethod 2974 0x000002e13c31b490 code [0x000002e13c31b600, 0x000002e13c31b698]
Event: 13.678 Thread 0x000002e14fa142d0 2965       4       java.util.HashMap::hash (20 bytes)
Event: 13.679 Thread 0x000002e14fa142d0 nmethod 2965 0x000002e13c31b790 code [0x000002e13c31b900, 0x000002e13c31b9d8]
Event: 13.679 Thread 0x000002e14fa142d0 2937       4       sun.net.www.protocol.file.Handler::parseURL (18 bytes)

GC Heap History (10 events):
Event: 0.868 GC heap before
{Heap before GC invocations=0 (full 0):
 garbage-first heap   total 126976K, used 22528K [0x0000000085800000, 0x0000000100000000)
  region size 1024K, 13 young (13312K), 0 survivors (0K)
 Metaspace       used 9038K, committed 9152K, reserved 1114112K
  class space    used 823K, committed 896K, reserved 1048576K
}
Event: 0.878 GC heap after
{Heap after GC invocations=1 (full 0):
 garbage-first heap   total 126976K, used 16744K [0x0000000085800000, 0x0000000100000000)
  region size 1024K, 2 young (2048K), 2 survivors (2048K)
 Metaspace       used 9038K, committed 9152K, reserved 1114112K
  class space    used 823K, committed 896K, reserved 1048576K
}
Event: 1.548 GC heap before
{Heap before GC invocations=1 (full 0):
 garbage-first heap   total 126976K, used 28008K [0x0000000085800000, 0x0000000100000000)
  region size 1024K, 13 young (13312K), 2 survivors (2048K)
 Metaspace       used 14811K, committed 14976K, reserved 1114112K
  class space    used 1472K, committed 1536K, reserved 1048576K
}
Event: 1.554 GC heap after
{Heap after GC invocations=2 (full 0):
 garbage-first heap   total 126976K, used 18188K [0x0000000085800000, 0x0000000100000000)
  region size 1024K, 2 young (2048K), 2 survivors (2048K)
 Metaspace       used 14811K, committed 14976K, reserved 1114112K
  class space    used 1472K, committed 1536K, reserved 1048576K
}
Event: 3.686 GC heap before
{Heap before GC invocations=2 (full 0):
 garbage-first heap   total 126976K, used 36620K [0x0000000085800000, 0x0000000100000000)
  region size 1024K, 22 young (22528K), 2 survivors (2048K)
 Metaspace       used 21185K, committed 21504K, reserved 1114112K
  class space    used 2235K, committed 2432K, reserved 1048576K
}
Event: 3.693 GC heap after
{Heap after GC invocations=3 (full 0):
 garbage-first heap   total 126976K, used 20842K [0x0000000085800000, 0x0000000100000000)
  region size 1024K, 4 young (4096K), 4 survivors (4096K)
 Metaspace       used 21185K, committed 21504K, reserved 1114112K
  class space    used 2235K, committed 2432K, reserved 1048576K
}
Event: 6.724 GC heap before
{Heap before GC invocations=4 (full 0):
 garbage-first heap   total 75776K, used 50538K [0x0000000085800000, 0x0000000100000000)
  region size 1024K, 34 young (34816K), 4 survivors (4096K)
 Metaspace       used 27661K, committed 28032K, reserved 1114112K
  class space    used 3096K, committed 3264K, reserved 1048576K
}
Event: 6.736 GC heap after
{Heap after GC invocations=5 (full 0):
 garbage-first heap   total 75776K, used 22700K [0x0000000085800000, 0x0000000100000000)
  region size 1024K, 2 young (2048K), 2 survivors (2048K)
 Metaspace       used 27661K, committed 28032K, reserved 1114112K
  class space    used 3096K, committed 3264K, reserved 1048576K
}
Event: 6.886 GC heap before
{Heap before GC invocations=5 (full 0):
 garbage-first heap   total 75776K, used 23724K [0x0000000085800000, 0x0000000100000000)
  region size 1024K, 3 young (3072K), 2 survivors (2048K)
 Metaspace       used 27684K, committed 28032K, reserved 1114112K
  class space    used 3096K, committed 3264K, reserved 1048576K
}
Event: 6.890 GC heap after
{Heap after GC invocations=6 (full 0):
 garbage-first heap   total 75776K, used 22652K [0x0000000085800000, 0x0000000100000000)
  region size 1024K, 1 young (1024K), 1 survivors (1024K)
 Metaspace       used 27684K, committed 28032K, reserved 1114112K
  class space    used 3096K, committed 3264K, reserved 1048576K
}

Dll operation events (9 events):
Event: 0.010 Loaded shared library C:\Users\W2191\.p2\pool\plugins\org.eclipse.justj.openjdk.hotspot.jre.full.win32.x86_64_17.0.8.v20230831-1047\jre\bin\java.dll
Event: 0.226 Loaded shared library C:\Users\W2191\.p2\pool\plugins\org.eclipse.justj.openjdk.hotspot.jre.full.win32.x86_64_17.0.8.v20230831-1047\jre\bin\net.dll
Event: 0.229 Loaded shared library C:\Users\W2191\.p2\pool\plugins\org.eclipse.justj.openjdk.hotspot.jre.full.win32.x86_64_17.0.8.v20230831-1047\jre\bin\nio.dll
Event: 0.242 Loaded shared library C:\Users\W2191\.p2\pool\plugins\org.eclipse.justj.openjdk.hotspot.jre.full.win32.x86_64_17.0.8.v20230831-1047\jre\bin\zip.dll
Event: 0.538 Loaded shared library C:\Users\W2191\.p2\pool\plugins\org.eclipse.justj.openjdk.hotspot.jre.full.win32.x86_64_17.0.8.v20230831-1047\jre\bin\jimage.dll
Event: 2.043 Loaded shared library C:\Users\W2191\.p2\pool\plugins\org.eclipse.justj.openjdk.hotspot.jre.full.win32.x86_64_17.0.8.v20230831-1047\jre\bin\verify.dll
Event: 3.362 Loaded shared library C:\Users\W2191\.p2\pool\plugins\org.eclipse.justj.openjdk.hotspot.jre.full.win32.x86_64_17.0.8.v20230831-1047\jre\bin\sunmscapi.dll
Event: 6.137 Loaded shared library C:\Users\W2191\.p2\pool\plugins\org.eclipse.justj.openjdk.hotspot.jre.full.win32.x86_64_17.0.8.v20230831-1047\jre\bin\management.dll
Event: 6.146 Loaded shared library C:\Users\W2191\.p2\pool\plugins\org.eclipse.justj.openjdk.hotspot.jre.full.win32.x86_64_17.0.8.v20230831-1047\jre\bin\management_ext.dll

Deoptimization events (20 events):
Event: 13.226 Thread 0x000002e150658730 Uncommon trap: trap_request=0xffffff45 fr.pc=0x000002e13c2ebfe4 relative=0x00000000000007a4
Event: 13.226 Thread 0x000002e150658730 Uncommon trap: reason=unstable_if action=reinterpret pc=0x000002e13c2ebfe4 method=org.openqa.selenium.json.JsonInput.peek()Lorg/openqa/selenium/json/JsonType; @ 15 c2
Event: 13.227 Thread 0x000002e150658730 DEOPT PACKING pc=0x000002e13c2ebfe4 sp=0x000000e8ffbfca60
Event: 13.227 Thread 0x000002e150658730 DEOPT UNPACKING pc=0x000002e13bca69a3 sp=0x000000e8ffbfca00 mode 2
Event: 13.231 Thread 0x000002e150658730 Uncommon trap: trap_request=0x0000003f fr.pc=0x000002e13c3065e8 relative=0x0000000000000868
Event: 13.232 Thread 0x000002e150658730 Uncommon trap: reason=unloaded action=reinterpret pc=0x000002e13c3065e8 method=org.openqa.selenium.json.Input.fill()Z @ 60 c2
Event: 13.233 Thread 0x000002e150658730 DEOPT PACKING pc=0x000002e13c3065e8 sp=0x000000e8ffbfcba0
Event: 13.234 Thread 0x000002e150658730 DEOPT UNPACKING pc=0x000002e13bca69a3 sp=0x000000e8ffbfc9e8 mode 2
Event: 13.582 Thread 0x000002e12f89bd10 Uncommon trap: trap_request=0xffffff45 fr.pc=0x000002e13c2f8198 relative=0x0000000000000158
Event: 13.582 Thread 0x000002e12f89bd10 Uncommon trap: reason=unstable_if action=reinterpret pc=0x000002e13c2f8198 method=org.openqa.selenium.json.JsonTypeCoercer.lambda$buildCoercer$6(Ljava/util/function/BiFunction;Lorg/openqa/selenium/json/JsonInput;Lorg/openqa/selenium/json/PropertySetting;)
Event: 13.582 Thread 0x000002e12f89bd10 DEOPT PACKING pc=0x000002e13c2f8198 sp=0x000000e8fc8fd360
Event: 13.582 Thread 0x000002e12f89bd10 DEOPT UNPACKING pc=0x000002e13bca69a3 sp=0x000000e8fc8fd1f8 mode 2
Event: 13.634 Thread 0x000002e15065dd40 Uncommon trap: trap_request=0xffffffcc fr.pc=0x000002e13c3175f4 relative=0x0000000000000354
Event: 13.634 Thread 0x000002e15065dd40 Uncommon trap: reason=intrinsic_or_type_checked_inlining action=make_not_entrant pc=0x000002e13c3175f4 method=java.util.Arrays.copyOf([Ljava/lang/Object;ILjava/lang/Class;)[Ljava/lang/Object; @ 35 c2
Event: 13.634 Thread 0x000002e15065dd40 DEOPT PACKING pc=0x000002e13c3175f4 sp=0x000000e8ff1fef80
Event: 13.635 Thread 0x000002e15065dd40 DEOPT UNPACKING pc=0x000002e13bca69a3 sp=0x000000e8ff1fef28 mode 2
Event: 13.643 Thread 0x000002e12f89bd10 Uncommon trap: trap_request=0xffffff45 fr.pc=0x000002e13c2cabe4 relative=0x0000000000004f64
Event: 13.643 Thread 0x000002e12f89bd10 Uncommon trap: reason=unstable_if action=reinterpret pc=0x000002e13c2cabe4 method=java.lang.invoke.MethodType.makeImpl(Ljava/lang/Class;[Ljava/lang/Class;Z)Ljava/lang/invoke/MethodType; @ 47 c2
Event: 13.643 Thread 0x000002e12f89bd10 DEOPT PACKING pc=0x000002e13c2cabe4 sp=0x000000e8fc8fd450
Event: 13.643 Thread 0x000002e12f89bd10 DEOPT UNPACKING pc=0x000002e13bca69a3 sp=0x000000e8fc8fd490 mode 2

Classes unloaded (0 events):
No events

Classes redefined (0 events):
No events

Internal exceptions (20 events):
Event: 13.236 Thread 0x000002e15065b4c0 Exception <a 'java/lang/reflect/InvocationTargetException'{0x0000000089b5ef80}> (0x0000000089b5ef80) 
thrown [s\src\hotspot\share\runtime\reflection.cpp, line 1121]
Event: 13.236 Thread 0x000002e15065b4c0 Exception <a 'java/lang/reflect/InvocationTargetException'{0x0000000089b5fa60}> (0x0000000089b5fa60) 
thrown [s\src\hotspot\share\runtime\reflection.cpp, line 1121]
Event: 13.261 Thread 0x000002e150658730 Exception <a 'java/lang/NoSuchMethodError'{0x0000000089b7b450}: 'java.util.List org.openqa.selenium.json.JsonInput.readArray(java.lang.reflect.Type)'> (0x0000000089b7b450) 
thrown [s\src\hotspot\share\interpreter\linkResolver.cpp, line 759]
Event: 13.261 Thread 0x000002e150658730 Exception <a 'java/lang/reflect/InvocationTargetException'{0x0000000089b7b9c8}> (0x0000000089b7b9c8) 
thrown [s\src\hotspot\share\runtime\reflection.cpp, line 1121]
Event: 13.267 Thread 0x000002e150657d10 Exception <a 'java/lang/NoSuchMethodError'{0x0000000089bf0ef8}: 'java.util.List org.openqa.selenium.json.JsonInput.readArray(java.lang.reflect.Type)'> (0x0000000089bf0ef8) 
thrown [s\src\hotspot\share\interpreter\linkResolver.cpp, line 759]
Event: 13.267 Thread 0x000002e150657d10 Exception <a 'java/lang/reflect/InvocationTargetException'{0x0000000089bf1470}> (0x0000000089bf1470) 
thrown [s\src\hotspot\share\runtime\reflection.cpp, line 1121]
Event: 13.267 Thread 0x000002e150657d10 Exception <a 'java/lang/reflect/InvocationTargetException'{0x0000000089bf2218}> (0x0000000089bf2218) 
thrown [s\src\hotspot\share\runtime\reflection.cpp, line 1121]
Event: 13.267 Thread 0x000002e150657d10 Exception <a 'java/lang/reflect/InvocationTargetException'{0x0000000089bf2cf8}> (0x0000000089bf2cf8) 
thrown [s\src\hotspot\share\runtime\reflection.cpp, line 1121]
Event: 13.276 Thread 0x000002e15065dd40 Exception <a 'java/lang/NoSuchMethodError'{0x0000000089a16fd0}: 'java.util.List org.openqa.selenium.json.JsonInput.readArray(java.lang.reflect.Type)'> (0x0000000089a16fd0) 
thrown [s\src\hotspot\share\interpreter\linkResolver.cpp, line 759]
Event: 13.276 Thread 0x000002e15065dd40 Exception <a 'java/lang/reflect/InvocationTargetException'{0x0000000089a17548}> (0x0000000089a17548) 
thrown [s\src\hotspot\share\runtime\reflection.cpp, line 1121]
Event: 13.276 Thread 0x000002e15065dd40 Exception <a 'java/lang/reflect/InvocationTargetException'{0x0000000089a182f0}> (0x0000000089a182f0) 
thrown [s\src\hotspot\share\runtime\reflection.cpp, line 1121]
Event: 13.276 Thread 0x000002e15065dd40 Exception <a 'java/lang/reflect/InvocationTargetException'{0x0000000089a18dd0}> (0x0000000089a18dd0) 
thrown [s\src\hotspot\share\runtime\reflection.cpp, line 1121]
Event: 13.318 Thread 0x000002e150659b70 Exception <a 'java/lang/NoSuchMethodError'{0x0000000089a66618}: 'java.util.List org.openqa.selenium.json.JsonInput.readArray(java.lang.reflect.Type)'> (0x0000000089a66618) 
thrown [s\src\hotspot\share\interpreter\linkResolver.cpp, line 759]
Event: 13.318 Thread 0x000002e150659b70 Exception <a 'java/lang/reflect/InvocationTargetException'{0x0000000089a66b90}> (0x0000000089a66b90) 
thrown [s\src\hotspot\share\runtime\reflection.cpp, line 1121]
Event: 13.319 Thread 0x000002e150659b70 Exception <a 'java/lang/reflect/InvocationTargetException'{0x0000000089a67938}> (0x0000000089a67938) 
thrown [s\src\hotspot\share\runtime\reflection.cpp, line 1121]
Event: 13.319 Thread 0x000002e150659b70 Exception <a 'java/lang/reflect/InvocationTargetException'{0x0000000089a68418}> (0x0000000089a68418) 
thrown [s\src\hotspot\share\runtime\reflection.cpp, line 1121]
Event: 13.325 Thread 0x000002e1506568d0 Exception <a 'java/lang/NoSuchMethodError'{0x0000000089a78bd0}: 'java.util.List org.openqa.selenium.json.JsonInput.readArray(java.lang.reflect.Type)'> (0x0000000089a78bd0) 
thrown [s\src\hotspot\share\interpreter\linkResolver.cpp, line 759]
Event: 13.337 Thread 0x000002e150656de0 Exception <a 'java/lang/NoSuchMethodError'{0x0000000089aadfa0}: 'java.util.List org.openqa.selenium.json.JsonInput.readArray(java.lang.reflect.Type)'> (0x0000000089aadfa0) 
thrown [s\src\hotspot\share\interpreter\linkResolver.cpp, line 759]
Event: 13.359 Thread 0x000002e1506572f0 Exception <a 'java/lang/NoSuchMethodError'{0x0000000089918c00}: 'java.util.List org.openqa.selenium.json.JsonInput.readArray(java.lang.reflect.Type)'> (0x0000000089918c00) 
thrown [s\src\hotspot\share\interpreter\linkResolver.cpp, line 759]
Event: 13.634 Thread 0x000002e15065dd40 Exception <a 'java/lang/NoSuchMethodError'{0x00000000895117d0}: 'java.util.List org.openqa.selenium.json.JsonInput.readArray(java.lang.reflect.Type)'> (0x00000000895117d0) 
thrown [s\src\hotspot\share\interpreter\linkResolver.cpp, line 759]

VM Operations (20 events):
Event: 5.532 Executing VM operation: HandshakeAllThreads
Event: 5.532 Executing VM operation: HandshakeAllThreads done
Event: 6.164 Executing VM operation: HandshakeAllThreads
Event: 6.164 Executing VM operation: HandshakeAllThreads done
Event: 6.164 Executing VM operation: Cleanup
Event: 6.164 Executing VM operation: Cleanup done
Event: 6.724 Executing VM operation: G1CollectForAllocation
Event: 6.738 Executing VM operation: G1CollectForAllocation done
Event: 6.886 Executing VM operation: G1CollectForAllocation
Event: 6.890 Executing VM operation: G1CollectForAllocation done
Event: 8.890 Executing VM operation: Cleanup
Event: 8.890 Executing VM operation: Cleanup done
Event: 9.891 Executing VM operation: Cleanup
Event: 9.891 Executing VM operation: Cleanup done
Event: 10.892 Executing VM operation: Cleanup
Event: 10.892 Executing VM operation: Cleanup done
Event: 11.892 Executing VM operation: Cleanup
Event: 11.892 Executing VM operation: Cleanup done
Event: 12.893 Executing VM operation: Cleanup
Event: 12.893 Executing VM operation: Cleanup done

Events (20 events):
Event: 13.436 Thread 0x000002e1506572f0 Thread added: 0x000002e1506572f0
Event: 13.468 Thread 0x000002e150656de0 Thread exited: 0x000002e150656de0
Event: 13.469 Thread 0x000002e15065aaa0 Thread added: 0x000002e15065aaa0
Event: 13.473 Thread 0x000002e1506568d0 Thread exited: 0x000002e1506568d0
Event: 13.474 Thread 0x000002e150656de0 Thread added: 0x000002e150656de0
Event: 13.483 Thread 0x000002e150659b70 Thread exited: 0x000002e150659b70
Event: 13.486 Thread 0x000002e15065b4c0 Thread added: 0x000002e15065b4c0
Event: 13.493 Thread 0x000002e15065dd40 Thread exited: 0x000002e15065dd40
Event: 13.495 Thread 0x000002e15065dd40 Thread added: 0x000002e15065dd40
Event: 13.495 Thread 0x000002e150657d10 Thread exited: 0x000002e150657d10
Event: 13.580 Thread 0x000002e14fb47da0 Thread exited: 0x000002e14fb47da0
Event: 13.593 loading class java/awt/datatransfer/Transferable
Event: 13.595 loading class java/awt/datatransfer/Transferable done
Event: 13.623 loading class java/lang/annotation/ElementType
Event: 13.623 loading class java/lang/annotation/ElementType done
Event: 13.637 Thread 0x000002e150659b70 Thread added: 0x000002e150659b70
Event: 13.656 loading class java/util/AbstractList$ListItr
Event: 13.656 loading class java/util/AbstractList$ListItr done
Event: 13.673 Thread 0x000002e15065dd40 Thread exited: 0x000002e15065dd40
Event: 13.677 Thread 0x000002e14fa142d0 Thread added: 0x000002e14fa142d0


Dynamic libraries:
0x00007ff6b2940000 - 0x00007ff6b294e000 	C:\Users\W2191\.p2\pool\plugins\org.eclipse.justj.openjdk.hotspot.jre.full.win32.x86_64_17.0.8.v20230831-1047\jre\bin\javaw.exe
0x00007ffca65e0000 - 0x00007ffca67d0000 	C:\Windows\SYSTEM32\ntdll.dll
0x00007ffca46a0000 - 0x00007ffca4752000 	C:\Windows\System32\KERNEL32.DLL
0x00007ffca3fb0000 - 0x00007ffca4252000 	C:\Windows\System32\KERNELBASE.dll
0x00007ffca42e0000 - 0x00007ffca43da000 	C:\Windows\System32\ucrtbase.dll
0x00007ffc9f990000 - 0x00007ffc9f9a9000 	C:\Users\W2191\.p2\pool\plugins\org.eclipse.justj.openjdk.hotspot.jre.full.win32.x86_64_17.0.8.v20230831-1047\jre\bin\VCRUNTIME140.dll
0x00007ffc921d0000 - 0x00007ffc921e7000 	C:\Users\W2191\.p2\pool\plugins\org.eclipse.justj.openjdk.hotspot.jre.full.win32.x86_64_17.0.8.v20230831-1047\jre\bin\jli.dll
0x00007ffca4e60000 - 0x00007ffca4ff3000 	C:\Windows\System32\USER32.dll
0x00007ffca3570000 - 0x00007ffca3591000 	C:\Windows\System32\win32u.dll
0x00007ffc8e420000 - 0x00007ffc8e6a5000 	C:\Windows\WinSxS\amd64_microsoft.windows.common-controls_6595b64144ccf1df_6.0.18362.30_none_a1435978519dce7f\COMCTL32.dll
0x00007ffca6060000 - 0x00007ffca60fe000 	C:\Windows\System32\msvcrt.dll
0x00007ffca6100000 - 0x00007ffca6126000 	C:\Windows\System32\GDI32.dll
0x00007ffca5b70000 - 0x00007ffca5ea6000 	C:\Windows\System32\combase.dll
0x00007ffca3690000 - 0x00007ffca3824000 	C:\Windows\System32\gdi32full.dll
0x00007ffca45e0000 - 0x00007ffca467e000 	C:\Windows\System32\msvcp_win.dll
0x00007ffca4a00000 - 0x00007ffca4b20000 	C:\Windows\System32\RPCRT4.dll
0x00007ffca3600000 - 0x00007ffca3681000 	C:\Windows\System32\bcryptPrimitives.dll
0x00007ffca5000000 - 0x00007ffca502e000 	C:\Windows\System32\IMM32.DLL
0x00007ffc9f980000 - 0x00007ffc9f98c000 	C:\Users\W2191\.p2\pool\plugins\org.eclipse.justj.openjdk.hotspot.jre.full.win32.x86_64_17.0.8.v20230831-1047\jre\bin\vcruntime140_1.dll
0x00007ffc65b80000 - 0x00007ffc65c11000 	C:\Users\W2191\.p2\pool\plugins\org.eclipse.justj.openjdk.hotspot.jre.full.win32.x86_64_17.0.8.v20230831-1047\jre\bin\msvcp140.dll
0x00007ffc33240000 - 0x00007ffc33e8c000 	C:\Users\W2191\.p2\pool\plugins\org.eclipse.justj.openjdk.hotspot.jre.full.win32.x86_64_17.0.8.v20230831-1047\jre\bin\server\jvm.dll
0x00007ffca4da0000 - 0x00007ffca4e43000 	C:\Windows\System32\ADVAPI32.dll
0x00007ffca5860000 - 0x00007ffca58f7000 	C:\Windows\System32\sechost.dll
0x00007ffca34c0000 - 0x00007ffca350a000 	C:\Windows\System32\POWRPROF.dll
0x00007ffca34b0000 - 0x00007ffca34c0000 	C:\Windows\System32\UMPDC.dll
0x00007ffc8de70000 - 0x00007ffc8de79000 	C:\Windows\SYSTEM32\WSOCK32.dll
0x00007ffca1290000 - 0x00007ffca12b4000 	C:\Windows\SYSTEM32\WINMM.dll
0x00007ffca50b0000 - 0x00007ffca511f000 	C:\Windows\System32\WS2_32.dll
0x00007ffc9aca0000 - 0x00007ffc9acaa000 	C:\Windows\SYSTEM32\VERSION.dll
0x00007ffca1260000 - 0x00007ffca128d000 	C:\Windows\SYSTEM32\WINMMBASE.dll
0x00007ffca4290000 - 0x00007ffca42da000 	C:\Windows\System32\cfgmgr32.dll
0x00007ffca3510000 - 0x00007ffca3521000 	C:\Windows\System32\kernel.appcore.dll
0x00007ffc94aa0000 - 0x00007ffc94aaa000 	C:\Users\W2191\.p2\pool\plugins\org.eclipse.justj.openjdk.hotspot.jre.full.win32.x86_64_17.0.8.v20230831-1047\jre\bin\jimage.dll
0x00007ffca1e10000 - 0x00007ffca2004000 	C:\Windows\SYSTEM32\DBGHELP.DLL
0x00007ffc94770000 - 0x00007ffc9479a000 	C:\Windows\SYSTEM32\dbgcore.DLL
0x00007ffc7d490000 - 0x00007ffc7d4b5000 	C:\Users\W2191\.p2\pool\plugins\org.eclipse.justj.openjdk.hotspot.jre.full.win32.x86_64_17.0.8.v20230831-1047\jre\bin\java.dll
0x00007ffc921f0000 - 0x00007ffc92208000 	C:\Users\W2191\.p2\pool\plugins\org.eclipse.justj.openjdk.hotspot.jre.full.win32.x86_64_17.0.8.v20230831-1047\jre\bin\zip.dll
0x00007ffca5180000 - 0x00007ffca5860000 	C:\Windows\System32\SHELL32.dll
0x00007ffca4b90000 - 0x00007ffca4c39000 	C:\Windows\System32\shcore.dll
0x00007ffca3830000 - 0x00007ffca3fab000 	C:\Windows\System32\windows.storage.dll
0x00007ffca3530000 - 0x00007ffca354f000 	C:\Windows\System32\profapi.dll
0x00007ffca5120000 - 0x00007ffca5172000 	C:\Windows\System32\shlwapi.dll
0x00007ffca4680000 - 0x00007ffca4697000 	C:\Windows\System32\cryptsp.dll
0x00007ffc91fd0000 - 0x00007ffc91fe9000 	C:\Users\W2191\.p2\pool\plugins\org.eclipse.justj.openjdk.hotspot.jre.full.win32.x86_64_17.0.8.v20230831-1047\jre\bin\net.dll
0x00007ffc92690000 - 0x00007ffc9277f000 	C:\Windows\SYSTEM32\WINHTTP.dll
0x00007ffca2cc0000 - 0x00007ffca2d27000 	C:\Windows\system32\mswsock.dll
0x00007ffc91df0000 - 0x00007ffc91e05000 	C:\Users\W2191\.p2\pool\plugins\org.eclipse.justj.openjdk.hotspot.jre.full.win32.x86_64_17.0.8.v20230831-1047\jre\bin\nio.dll
0x00007ffca2a60000 - 0x00007ffca2b2a000 	C:\Windows\SYSTEM32\DNSAPI.dll
0x00007ffca4b20000 - 0x00007ffca4b28000 	C:\Windows\System32\NSI.dll
0x00007ffca2a20000 - 0x00007ffca2a5a000 	C:\Windows\SYSTEM32\IPHLPAPI.DLL
0x00007ffc9d880000 - 0x00007ffc9d88a000 	C:\Windows\System32\rasadhlp.dll
0x00007ffc9e600000 - 0x00007ffc9e677000 	C:\Windows\System32\fwpuclnt.dll
0x00007ffca4260000 - 0x00007ffca4286000 	C:\Windows\System32\bcrypt.dll
0x00007ffca2880000 - 0x00007ffca28b3000 	C:\Windows\system32\rsaenh.dll
0x00007ffca33d0000 - 0x00007ffca33f5000 	C:\Windows\SYSTEM32\USERENV.dll
0x00007ffca2e90000 - 0x00007ffca2e9c000 	C:\Windows\SYSTEM32\CRYPTBASE.dll
0x00007ffc9d980000 - 0x00007ffc9d996000 	C:\Windows\SYSTEM32\dhcpcsvc6.DLL
0x00007ffc9cb50000 - 0x00007ffc9cb6c000 	C:\Windows\SYSTEM32\dhcpcsvc.DLL
0x00007ffc94c00000 - 0x00007ffc94c10000 	C:\Users\W2191\.p2\pool\plugins\org.eclipse.justj.openjdk.hotspot.jre.full.win32.x86_64_17.0.8.v20230831-1047\jre\bin\verify.dll
0x00007ffca0e30000 - 0x00007ffca0ebf000 	C:\Windows\system32\apphelp.dll
0x00007ffc92d80000 - 0x00007ffc92d8e000 	C:\Users\W2191\.p2\pool\plugins\org.eclipse.justj.openjdk.hotspot.jre.full.win32.x86_64_17.0.8.v20230831-1047\jre\bin\sunmscapi.dll
0x00007ffca4490000 - 0x00007ffca45d9000 	C:\Windows\System32\CRYPT32.dll
0x00007ffca3550000 - 0x00007ffca3562000 	C:\Windows\System32\MSASN1.dll
0x00007ffca2f90000 - 0x00007ffca2fb6000 	C:\Windows\SYSTEM32\ncrypt.dll
0x00007ffca2f50000 - 0x00007ffca2f8b000 	C:\Windows\SYSTEM32\NTASN1.dll
0x00007ffc93800000 - 0x00007ffc93807000 	C:\Windows\system32\wshunix.dll
0x00007ffc92d70000 - 0x00007ffc92d79000 	C:\Users\W2191\.p2\pool\plugins\org.eclipse.justj.openjdk.hotspot.jre.full.win32.x86_64_17.0.8.v20230831-1047\jre\bin\management.dll
0x00007ffc91fc0000 - 0x00007ffc91fcb000 	C:\Users\W2191\.p2\pool\plugins\org.eclipse.justj.openjdk.hotspot.jre.full.win32.x86_64_17.0.8.v20230831-1047\jre\bin\management_ext.dll
0x00007ffca4e50000 - 0x00007ffca4e58000 	C:\Windows\System32\PSAPI.DLL

dbghelp: loaded successfully - version: 4.0.5 - missing functions: none
symbol engine: initialized successfully - sym options: 0x614 - pdb path: .;C:\Users\W2191\.p2\pool\plugins\org.eclipse.justj.openjdk.hotspot.jre.full.win32.x86_64_17.0.8.v20230831-1047\jre\bin;C:\Windows\SYSTEM32;C:\Windows\WinSxS\amd64_microsoft.windows.common-controls_6595b64144ccf1df_6.0.18362.30_none_a1435978519dce7f;C:\Users\W2191\.p2\pool\plugins\org.eclipse.justj.openjdk.hotspot.jre.full.win32.x86_64_17.0.8.v20230831-1047\jre\bin\server

VM Arguments:
jvm_args: -ea -Dfile.encoding=UTF-8 -XX:+ShowCodeDetailsInExceptionMessages 
java_command: org.testng.remote.RemoteTestNG -serport 58737 -protocol json -d C:\Users\W2191\eclipse-workspace\Getapcs_Keus1\test-output C:\Users\W2191\AppData\Local\Temp\testng-eclipse--686239189\testng-customsuite.xml
java_class_path (initial): C:\Users\W2191\eclipse\java-2023-06\eclipse\configuration\org.eclipse.osgi\514\0\.cp\lib\testng-remote.jar;C:\Users\W2191\eclipse-workspace\Getapcs_Keus1\target\test-classes;C:\Users\W2191\eclipse-workspace\Getapcs_Keus1\target\classes;C:\Users\W2191\.m2\repository\org\seleniumhq\selenium\selenium-java\4.15.0\selenium-java-4.15.0.jar;C:\Users\W2191\.m2\repository\org\seleniumhq\selenium\selenium-api\4.15.0\selenium-api-4.15.0.jar;C:\Users\W2191\.m2\repository\org\seleniumhq\selenium\selenium-devtools-v117\4.15.0\selenium-devtools-v117-4.15.0.jar;C:\Users\W2191\.m2\repository\org\seleniumhq\selenium\selenium-devtools-v118\4.15.0\selenium-devtools-v118-4.15.0.jar;C:\Users\W2191\.m2\repository\org\seleniumhq\selenium\selenium-devtools-v119\4.15.0\selenium-devtools-v119-4.15.0.jar;C:\Users\W2191\.m2\repository\org\seleniumhq\selenium\selenium-edge-driver\4.15.0\selenium-edge-driver-4.15.0.jar;C:\Users\W2191\.m2\repository\org\seleniumhq\selenium\selenium-firefox-driver\4.15.0\selenium-firefox-driver-4.15.0.jar;C:\Users\W2191\.m2\repository\org\seleniumhq\selenium\selenium-http\4.15.0\selenium-http-4.15.0.jar;C:\Users\W2191\.m2\repository\dev\failsafe\failsafe\3.3.2\failsafe-3.3.2.jar;C:\Users\W2191\.m2\repository\org\seleniumhq\selenium\selenium-ie-driver\4.15.0\selenium-ie-driver-4.15.0.jar;C:\Users\W2191\.m2\repository\org\seleniumhq\selenium\selenium-remote-driver\4.15.0\selenium-remote-driver-4.15.0.jar;C:\Users\W2191\.m2\repository\com\google\guava\guava\32.1.2-jre\guava-32.1.2-jre.jar;C:\Users\W2191\.m2\repository\com\google\guava\failureaccess\1.0.1\failureaccess-1.0.1.jar;C:\Users\W2191\.m2\repository\com\google\guava\listenablefuture\9999.0-empty-to-avoid-conflict-with-guava\listenablefuture-9999.0-empty-to-avoid-conflict-with-guava.jar;C:\Users\W2191\.m2\repository\com\google\code\findbugs\jsr305\3.0.2\jsr305-3.0.2.jar;C:\Users\W2191\.m2\repository\org\checkerframework\checker-qual\3.33.0\checker-qual-3.33.0.jar;C:\Users\W2191\.m2\
Launcher Type: SUN_STANDARD

[Global flags]
     intx CICompilerCount                          = 3                                         {product} {ergonomic}
     uint ConcGCThreads                            = 1                                         {product} {ergonomic}
     uint G1ConcRefinementThreads                  = 4                                         {product} {ergonomic}
   size_t G1HeapRegionSize                         = 1048576                                   {product} {ergonomic}
    uintx GCDrainStackTargetSize                   = 64                                        {product} {ergonomic}
   size_t InitialHeapSize                          = 130023424                                 {product} {ergonomic}
   size_t MarkStackSize                            = 4194304                                   {product} {ergonomic}
   size_t MaxHeapSize                              = 2055208960                                {product} {ergonomic}
   size_t MaxNewSize                               = 1233125376                                {product} {ergonomic}
   size_t MinHeapDeltaBytes                        = 1048576                                   {product} {ergonomic}
   size_t MinHeapSize                              = 8388608                                   {product} {ergonomic}
    uintx NonNMethodCodeHeapSize                   = 5832780                                {pd product} {ergonomic}
    uintx NonProfiledCodeHeapSize                  = 122912730                              {pd product} {ergonomic}
    uintx ProfiledCodeHeapSize                     = 122912730                              {pd product} {ergonomic}
    uintx ReservedCodeCacheSize                    = 251658240                              {pd product} {ergonomic}
     bool SegmentedCodeCache                       = true                                      {product} {ergonomic}
     bool ShowCodeDetailsInExceptionMessages       = true                                   {manageable} {command line}
   size_t SoftMaxHeapSize                          = 2055208960                             {manageable} {ergonomic}
     bool UseCompressedClassPointers               = true                           {product lp64_product} {ergonomic}
     bool UseCompressedOops                        = true                           {product lp64_product} {ergonomic}
     bool UseG1GC                                  = true                                      {product} {ergonomic}
     bool UseLargePagesIndividualAllocation        = false                                  {pd product} {ergonomic}

Logging:
Log output configuration:
 #0: stdout all=warning uptime,level,tags
 #1: stderr all=off uptime,level,tags

Environment Variables:
PATH=C:/Users/W2191/.p2/pool/plugins/org.eclipse.justj.openjdk.hotspot.jre.full.win32.x86_64_17.0.8.v20230831-1047/jre/bin/server;C:/Users/W2191/.p2/pool/plugins/org.eclipse.justj.openjdk.hotspot.jre.full.win32.x86_64_17.0.8.v20230831-1047/jre/bin;C:\Program Files\Common Files\Oracle\Java\javapath;C:\Windows\system32;C:\Windows;C:\Windows\System32\Wbem;C:\Windows\System32\WindowsPowerShell\v1.0\;C:\Windows\System32\OpenSSH\;C:\Users\W2191\AppData\Local\Microsoft\WindowsApps;;C:\Users\W2191\Desktop;
USERNAME=W2191
OS=Windows_NT
PROCESSOR_IDENTIFIER=Intel64 Family 6 Model 78 Stepping 3, GenuineIntel
TMP=C:\Users\W2191\AppData\Local\Temp
TEMP=C:\Users\W2191\AppData\Local\Temp



---------------  S Y S T E M  ---------------

OS:
 Windows 10 , 64 bit Build 18362 (10.0.18362.1)
OS uptime: 37 days 20:17 hours

CPU: total 4 (initial active 4) (2 cores per cpu, 2 threads per core) family 6 model 78 stepping 3 microcode 0xea, cx8, cmov, fxsr, ht, mmx, 3dnowpref, sse, sse2, sse3, ssse3, sse4.1, sse4.2, popcnt, lzcnt, tsc, tscinvbit, avx, avx2, aes, erms, clmul, bmi1, bmi2, rtm, adx, fma, vzeroupper, clflush, clflushopt
Processor Information for processor 0
  Max Mhz: 2496, Current Mhz: 1497, Mhz Limit: 2396
Processor Information for processor 1
  Max Mhz: 2496, Current Mhz: 1497, Mhz Limit: 2396
Processor Information for processor 2
  Max Mhz: 2496, Current Mhz: 2396, Mhz Limit: 2396
Processor Information for processor 3
  Max Mhz: 2496, Current Mhz: 2396, Mhz Limit: 2396

Memory: 4k page, system-wide physical 7834M (438M free)
TotalPageFile size 24799M (AvailPageFile size 3M)
current process WorkingSet (physical memory assigned to process): 144M, peak: 144M
current process commit charge ("private bytes"): 192M, peak: 237M

vm_info: OpenJDK 64-Bit Server VM (17.0.8.1+1) for windows-amd64 JRE (17.0.8.1+1), built on Aug 23 2023 15:29:17 by "admin" with MS VC++ 16.7 (VS2019)

END.
